<?xml version="1.0" encoding="UTF-8" ?>
<testsuite errors="0" failures="1" hostname="USHYDNKANDIKUP1" name="test.TC_SMK_CC_EU_ValidateCC_information_shown_onBB_completedorder_PostEvent" skipped="0" tests="1" time="182.34" timestamp="2017-03-23T06:55:22">
  <properties>
    <property name="java.vendor" value="Oracle Corporation" />
    <property name="env.USERDOMAIN_ROAMINGPROFILE" value="US" />
    <property name="env.DEFLOGDIR" value="C:\ProgramData\McAfee\DesktopProtection" />
    <property name="sun.java.launcher" value="SUN_STANDARD" />
    <property name="sun.management.compiler" value="HotSpot 64-Bit Tiered Compilers" />
    <property name="env.PROMPT" value="$P$G" />
    <property name="os.name" value="Windows 8.1" />
    <property name="env.FP_NO_HOST_CHECK" value="NO" />
    <property name="sun.boot.class.path" value="C:\Program Files\Java\jdk1.8.0_60\jre\lib\resources.jar;C:\Program Files\Java\jdk1.8.0_60\jre\lib\rt.jar;C:\Program Files\Java\jdk1.8.0_60\jre\lib\sunrsasign.jar;C:\Program Files\Java\jdk1.8.0_60\jre\lib\jsse.jar;C:\Program Files\Java\jdk1.8.0_60\jre\lib\jce.jar;C:\Program Files\Java\jdk1.8.0_60\jre\lib\charsets.jar;C:\Program Files\Java\jdk1.8.0_60\jre\lib\jfr.jar;C:\Program Files\Java\jdk1.8.0_60\jre\classes" />
    <property name="env.COMPUTERNAME" value="USHYDNKANDIKUP1" />
    <property name="env.CommonProgramW6432" value="C:\Program Files\Common Files" />
    <property name="ant.file.type.WMI_ExxonMobil_Automation" value="file" />
    <property name="env.ALLUSERSPROFILE" value="C:\ProgramData" />
    <property name="sun.desktop" value="windows" />
    <property name="java.vm.specification.vendor" value="Oracle Corporation" />
    <property name="ant.home" value="C:\Users\nkandikuppa\Downloads\apache-ant-1.9.6" />
    <property name="java.runtime.version" value="1.8.0_60-b27" />
    <property name="env.HOMEPATH" value="\Users\nkandikuppa" />
    <property name="user.name" value="nkandikuppa" />
    <property name="user.language" value="en" />
    <property name="sun.boot.library.path" value="C:\Program Files\Java\jdk1.8.0_60\jre\bin" />
    <property name="ant.project.default-target" value="junitreport" />
    <property name="ant.project.name" value="WMI_ExxonMobil_Automation" />
    <property name="java.version" value="1.8.0_60" />
    <property name="env.PROCESSOR_IDENTIFIER" value="Intel64 Family 6 Model 69 Stepping 1, GenuineIntel" />
    <property name="user.timezone" value="" />
    <property name="env.TEMP" value="C:\Users\NKANDI~1\AppData\Local\Temp" />
    <property name="sun.arch.data.model" value="64" />
    <property name="java.endorsed.dirs" value="C:\Program Files\Java\jdk1.8.0_60\jre\lib\endorsed" />
    <property name="env.VSEDEFLOGDIR" value="C:\ProgramData\McAfee\DesktopProtection" />
    <property name="env._JAVACMD" value="C:\Program Files\Java\jdk1.8.0_60\bin\java.exe" />
    <property name="sun.cpu.isalist" value="amd64" />
    <property name="env.HOMEDRIVE" value="C:" />
    <property name="sun.jnu.encoding" value="Cp1252" />
    <property name="file.encoding.pkg" value="sun.io" />
    <property name="file.separator" value="\" />
    <property name="java.specification.name" value="Java Platform API Specification" />
    <property name="java.class.version" value="52.0" />
    <property name="user.country" value="US" />
    <property name="java.home" value="C:\Program Files\Java\jdk1.8.0_60\jre" />
    <property name="env.PSModulePath" value="C:\WINDOWS\system32\WindowsPowerShell\v1.0\Modules\;C:\Program Files (x86)\AutoIt3\AutoItX" />
    <property name="env.APPDATA" value="C:\Users\nkandikuppa\AppData\Roaming" />
    <property name="env.PUBLIC" value="C:\Users\Public" />
    <property name="java.vm.info" value="mixed mode" />
    <property name="env.ComSpec" value="C:\WINDOWS\system32\cmd.exe" />
    <property name="env.OS" value="Windows_NT" />
    <property name="env.CommonProgramFiles" value="C:\Program Files\Common Files" />
    <property name="ant.file" value="C:\Users\nkandikuppa\workspace\UITest\WMI_ExxonMobil_Automation\build.xml" />
    <property name="os.version" value="6.3" />
    <property name="env.ProgramW6432" value="C:\Program Files" />
    <property name="env._USE_CLASSPATH" value="no" />
    <property name="env.=::" value="::\" />
    <property name="path.separator" value=";" />
    <property name="java.vm.version" value="25.60-b23" />
    <property name="env.USERPROFILE" value="C:\Users\nkandikuppa" />
    <property name="user.variant" value="" />
    <property name="ant.library.dir" value="C:\Users\nkandikuppa\Downloads\apache-ant-1.9.6\lib" />
    <property name="env.JAVA_HOME" value="C:\Program Files\Java\jdk1.8.0_60" />
    <property name="java.awt.printerjob" value="sun.awt.windows.WPrinterJob" />
    <property name="env.TMP" value="C:\Users\NKANDI~1\AppData\Local\Temp" />
    <property name="sun.io.unicode.encoding" value="UnicodeLittle" />
    <property name="awt.toolkit" value="sun.awt.windows.WToolkit" />
    <property name="sun.stdout.encoding" value="cp437" />
    <property name="TestDataSheetLocation" value="${TestDataSheetLocation}" />
    <property name="user.script" value="" />
    <property name="user.home" value="C:\Users\nkandikuppa" />
    <property name="target" value="&quot;1.7&quot;" />
    <property name="env.ProgramData" value="C:\ProgramData" />
    <property name="env.SESSIONNAME" value="Console" />
    <property name="env.ProgramFiles(x86)" value="C:\Program Files (x86)" />
    <property name="java.specification.vendor" value="Oracle Corporation" />
    <property name="env.RoxioCentral" value="C:\Program Files (x86)\Common Files\Roxio Shared\10.0\Roxio Central36\" />
    <property name="java.library.path" value="C:\Program Files\Java\jdk1.8.0_60\jre\bin;C:\WINDOWS\Sun\Java\bin;C:\WINDOWS\system32;C:\WINDOWS;C:\WINDOWS\system32;C:\WINDOWS;C:\WINDOWS\System32\Wbem;C:\Program Files (x86)\Intel\iCLS Client\;C:\Program Files\Intel\iCLS Client\;C:\WINDOWS\system32;C:\WINDOWS;C:\WINDOWS\System32\Wbem;C:\WINDOWS\System32\WindowsPowerShell\v1.0\;C:\Program Files (x86)\Common Files\Roxio Shared\10.0\DLLShared\;C:\Program Files (x86)\Common Files\Roxio Shared\DLLShared\;C:\Program Files (x86)\Common Files\Roxio Shared\DLLShared\;C:\Program Files (x86)\Common Files\Roxio Shared\10.0\DLLShared\;C:\Program Files\Intel\Intel(R) Management Engine Components\DAL;C:\Program Files\Intel\Intel(R) Management Engine Components\IPT;C:\Program Files (x86)\Intel\Intel(R) Management Engine Components\DAL;C:\Program Files (x86)\Intel\Intel(R) Management Engine Components\IPT;C:\Program Files\Java\jdk1.8.0_60\bin;C:\Program Files\Git\cmd;C:\Program Files\TortoiseGit\bin;C:\Users\nkandikuppa\Downloads\apache-ant-1.9.6\bin;C:\Program Files (x86)\Skype\Phone\;." />
    <property name="env.NUMBER_OF_PROCESSORS" value="4" />
    <property name="java.vendor.url" value="http://java.oracle.com/" />
    <property name="env.USERDNSDOMAIN" value="US.DELOITTE.COM" />
    <property name="java.vm.vendor" value="Oracle Corporation" />
    <property name="java.runtime.name" value="Java(TM) SE Runtime Environment" />
    <property name="ant.version" value="Apache Ant(TM) version 1.9.6 compiled on June 29 2015" />
    <property name="java.class.path" value="C:\Users\nkandikuppa\workspace\UITest\WMI_ExxonMobil_Automation\bin;C:\Users\nkandikuppa\workspace\UITest\WMI_ExxonMobil_Automation\lib\selenium-server-standalone-2.48.2 (1).jar;C:\Users\nkandikuppa\workspace\UITest\WMI_ExxonMobil_Automation\lib\commons-codec-1.5.jar;C:\Users\nkandikuppa\workspace\UITest\WMI_ExxonMobil_Automation\lib\dom4j-1.6.1.jar;C:\Users\nkandikuppa\workspace\UITest\WMI_ExxonMobil_Automation\lib\poi-3.8-beta4.jar;C:\Users\nkandikuppa\workspace\UITest\WMI_ExxonMobil_Automation\lib\poi-3.8-beta4-sources.jar;C:\Users\nkandikuppa\workspace\UITest\WMI_ExxonMobil_Automation\lib\poi-ooxml-3.8-beta4.jar;C:\Users\nkandikuppa\workspace\UITest\WMI_ExxonMobil_Automation\lib\poi-ooxml-schemas-3.8-beta4.jar;C:\Users\nkandikuppa\workspace\UITest\WMI_ExxonMobil_Automation\lib\stax-api-1.0.1.jar;C:\Users\nkandikuppa\workspace\UITest\WMI_ExxonMobil_Automation\lib\xml-apis-1.0.b2.jar;C:\Users\nkandikuppa\workspace\UITest\WMI_ExxonMobil_Automation\lib\xmlbeans-2.3.0.jar;C:\Users\nkandikuppa\workspace\UITest\WMI_ExxonMobil_Automation\lib\junit5-api-5.0.0-ALPHA.jar;C:\Users\nkandikuppa\workspace\UITest\WMI_ExxonMobil_Automation\lib\ashot-1.4.10.jar;C:\Users\nkandikuppa\workspace\UITest\WMI_ExxonMobil_Automation\lib\mail-1.4.7.jar;C:\Users\nkandikuppa\workspace\UITest\WMI_ExxonMobil_Automation\lib\activation-1.1.jar;C:\Users\nkandikuppa\workspace\UITest\WMI_ExxonMobil_Automation\lib\zt-zip-1.8.jar;C:\Users\nkandikuppa\workspace\UITest\WMI_ExxonMobil_Automation\lib\tools.jar;C:\Users\nkandikuppa\workspace\UITest\WMI_ExxonMobil_Automation\buildStage;C:\Users\nkandikuppa\Downloads\apache-ant-1.9.6\lib\ant-launcher.jar;C:\Users\nkandikuppa\Downloads\apache-ant-1.9.6\lib\ant.jar;C:\Users\nkandikuppa\Downloads\apache-ant-1.9.6\lib\ant-junit.jar;C:\Users\nkandikuppa\Downloads\apache-ant-1.9.6\lib\ant-junit4.jar" />
    <property name="sun.java.command" value="org.apache.tools.ant.taskdefs.optional.junit.JUnitTestRunner test.TC_SMK_CC_EU_ValidateCC_information_shown_onBB_completedorder_PostEvent skipNonTests=false filtertrace=true haltOnError=false haltOnFailure=false formatter=org.apache.tools.ant.taskdefs.optional.junit.OutErrSummaryJUnitResultFormatter showoutput=true outputtoformatters=true logfailedtests=true threadid=0 logtestlistenerevents=false formatter=org.apache.tools.ant.taskdefs.optional.junit.XMLJUnitResultFormatter,C:\Users\nkandikuppa\workspace\UITest\WMI_ExxonMobil_Automation\junit\TEST-test.TC_SMK_CC_EU_ValidateCC_information_shown_onBB_completedorder_PostEvent.xml crashfile=C:\Users\nkandikuppa\workspace\UITest\WMI_ExxonMobil_Automation\junitvmwatcher2296556860300723123.properties propsfile=C:\Users\nkandikuppa\workspace\UITest\WMI_ExxonMobil_Automation\junit4448049305909886575.properties" />
    <property name="env.MyScriptVer" value="DomainLogonVista.vbs-2a" />
    <property name="java.vm.specification.name" value="Java Virtual Machine Specification" />
    <property name="ant.file.type" value="file" />
    <property name="env.windir" value="C:\WINDOWS" />
    <property name="env.LOGONSERVER" value="\\USHYDGC11" />
    <property name="env.PROCESSOR_ARCHITECTURE" value="AMD64" />
    <property name="java.vm.specification.version" value="1.8" />
    <property name="sun.os.patch.level" value="" />
    <property name="sun.cpu.endian" value="little" />
    <property name="debuglevel" value="&quot;debuglevel&quot; " />
    <property name="env.MyOffice" value="HYD" />
    <property name="env.ANT_HOME" value="C:\Users\nkandikuppa\Downloads\apache-ant-1.9.6" />
    <property name="env.ProgramFiles" value="C:\Program Files" />
    <property name="java.io.tmpdir" value="C:\Users\NKANDI~1\AppData\Local\Temp\" />
    <property name="env.PROCESSOR_REVISION" value="4501" />
    <property name="env.UATDATA" value="C:\WINDOWS\CCM\UATData\D9F8C395-CAB8-491d-B8AC-179A1FE1BE77" />
    <property name="env.CommonProgramFiles(x86)" value="C:\Program Files (x86)\Common Files" />
    <property name="java.vendor.url.bug" value="http://bugreport.sun.com/bugreport/" />
    <property name="env.SystemRoot" value="C:\WINDOWS" />
    <property name="os.arch" value="amd64" />
    <property name="java.awt.graphicsenv" value="sun.awt.Win32GraphicsEnvironment" />
    <property name="java.ext.dirs" value="C:\Program Files\Java\jdk1.8.0_60\jre\lib\ext;C:\WINDOWS\Sun\Java\lib\ext" />
    <property name="env.LOCALAPPDATA" value="C:\Users\nkandikuppa\AppData\Local" />
    <property name="javapath" value="&quot;../../../../../../Program Files/Java/jdk1.7.0_79/&quot;" />
    <property name="user.dir" value="C:\Users\nkandikuppa\workspace\UITest\WMI_ExxonMobil_Automation" />
    <property name="line.separator" value="&#xd;&#xa;" />
    <property name="java.vm.name" value="Java HotSpot(TM) 64-Bit Server VM" />
    <property name="env.PATHEXT" value=".COM;.EXE;.BAT;.CMD;.VBS;.VBE;.JS;.JSE;.WSF;.WSH;.MSC" />
    <property name="env.Path" value="C:\WINDOWS\system32;C:\WINDOWS;C:\WINDOWS\System32\Wbem;C:\Program Files (x86)\Intel\iCLS Client\;C:\Program Files\Intel\iCLS Client\;C:\WINDOWS\system32;C:\WINDOWS;C:\WINDOWS\System32\Wbem;C:\WINDOWS\System32\WindowsPowerShell\v1.0\;C:\Program Files (x86)\Common Files\Roxio Shared\10.0\DLLShared\;C:\Program Files (x86)\Common Files\Roxio Shared\DLLShared\;C:\Program Files (x86)\Common Files\Roxio Shared\DLLShared\;C:\Program Files (x86)\Common Files\Roxio Shared\10.0\DLLShared\;C:\Program Files\Intel\Intel(R) Management Engine Components\DAL;C:\Program Files\Intel\Intel(R) Management Engine Components\IPT;C:\Program Files (x86)\Intel\Intel(R) Management Engine Components\DAL;C:\Program Files (x86)\Intel\Intel(R) Management Engine Components\IPT;C:\Program Files\Java\jdk1.8.0_60\bin;C:\Program Files\Git\cmd;C:\Program Files\TortoiseGit\bin;C:\Users\nkandikuppa\Downloads\apache-ant-1.9.6\bin;C:\Program Files (x86)\Skype\Phone\" />
    <property name="env.MyFunction" value="CG" />
    <property name="basedir" value="C:\Users\nkandikuppa\workspace\UITest\WMI_ExxonMobil_Automation" />
    <property name="ant.java.version" value="1.8" />
    <property name="ant.core.lib" value="C:\Users\nkandikuppa\Downloads\apache-ant-1.9.6\lib\ant.jar" />
    <property name="env.USERNAME" value="nkandikuppa" />
    <property name="source" value="&quot;1.7&quot;" />
    <property name="env.SystemDrive" value="C:" />
    <property name="file.encoding" value="Cp1252" />
    <property name="sun.stderr.encoding" value="cp437" />
    <property name="env.USERDOMAIN" value="US" />
    <property name="java.specification.version" value="1.8" />
    <property name="env.=C:" value="C:\Users\nkandikuppa\workspace\UITest\WMI_ExxonMobil_Automation" />
    <property name="ant.file.WMI_ExxonMobil_Automation" value="C:\Users\nkandikuppa\workspace\UITest\WMI_ExxonMobil_Automation\build.xml" />
    <property name="ant.project.invoked-targets" value="junitreport" />
    <property name="junit" value="&quot;junit.output.dir&quot; " />
    <property name="env.PROCESSOR_LEVEL" value="6" />
    <property name="env.VBOX_MSI_INSTALL_PATH" value="C:\Program Files\Oracle\VirtualBox\" />
  </properties>
  <testcase classname="test.TC_SMK_CC_EU_ValidateCC_information_shown_onBB_completedorder_PostEvent" name="runsteps" time="177.129">
    <failure message="null" type="junit.framework.AssertionFailedError">junit.framework.AssertionFailedError: null
	at org.testng.Assert.fail(Assert.java:94)
	at org.testng.Assert.fail(Assert.java:101)
	at main.Lubricants_BuyBack.createDeliverywithCC(Lubricants_BuyBack.java:724)
	at test.TC_SMK_CC_EU_ValidateCC_information_shown_onBB_completedorder_PostEvent.step02(TC_SMK_CC_EU_ValidateCC_information_shown_onBB_completedorder_PostEvent.java:140)
	at test.TC_SMK_CC_EU_ValidateCC_information_shown_onBB_completedorder_PostEvent.runsteps(TC_SMK_CC_EU_ValidateCC_information_shown_onBB_completedorder_PostEvent.java:92)
	at main.ScreenshotTaker$1.evaluate(ScreenshotTaker.java:83)
</failure>
  </testcase>
  <system-out><![CDATA[*****Starting to execute: TC_SMK_CC_EU_ValidateCC_information_shown_onBB_completedorder_PostEvent*****
no such element: Unable to locate element: {"method":"xpath","selector":"//h3[@class='modal-title']"}
  (Session info: chrome=56.0.2924.87)
  (Driver info: chromedriver=2.25.426923 (0390b88869384d6eb0d5d09729679f934aab9eed),platform=Windows NT 6.3.9600 x86_64) (WARNING: The server did not provide any stacktrace information)
Command duration or timeout: 121 milliseconds
For documentation on this error, please visit: http://seleniumhq.org/exceptions/no_such_element.html
Build info: version: '2.48.2', revision: '41bccdd', time: '2015-10-09 19:59:12'
System info: host: 'USHYDNKANDIKUP1', ip: '10.16.71.187', os.name: 'Windows 8.1', os.arch: 'amd64', os.version: '6.3', java.version: '1.8.0_60'
Driver info: org.openqa.selenium.chrome.ChromeDriver
Capabilities [{applicationCacheEnabled=false, rotatable=false, mobileEmulationEnabled=false, networkConnectionEnabled=false, chrome={chromedriverVersion=2.25.426923 (0390b88869384d6eb0d5d09729679f934aab9eed), userDataDir=C:\Users\NKANDI~1\AppData\Local\Temp\scoped_dir34568_13040}, takesHeapSnapshot=true, pageLoadStrategy=normal, databaseEnabled=false, handlesAlerts=true, hasTouchScreen=false, version=56.0.2924.87, platform=WIN8_1, browserConnectionEnabled=false, nativeEvents=true, acceptSslCerts=true, locationContextEnabled=true, webStorageEnabled=true, browserName=chrome, takesScreenshot=true, javascriptEnabled=true, cssSelectorsEnabled=true}]
Session ID: 8a4d4e8360c61cf911fa0ff6d0fc89e4
*** Element info: {Using=xpath, value=//h3[@class='modal-title']}
no such element: Unable to locate element: {"method":"xpath","selector":"//button[@ng-click='ok()']"}
  (Session info: chrome=56.0.2924.87)
  (Driver info: chromedriver=2.25.426923 (0390b88869384d6eb0d5d09729679f934aab9eed),platform=Windows NT 6.3.9600 x86_64) (WARNING: The server did not provide any stacktrace information)
Command duration or timeout: 90 milliseconds
For documentation on this error, please visit: http://seleniumhq.org/exceptions/no_such_element.html
Build info: version: '2.48.2', revision: '41bccdd', time: '2015-10-09 19:59:12'
System info: host: 'USHYDNKANDIKUP1', ip: '10.16.71.187', os.name: 'Windows 8.1', os.arch: 'amd64', os.version: '6.3', java.version: '1.8.0_60'
Driver info: org.openqa.selenium.chrome.ChromeDriver
Capabilities [{applicationCacheEnabled=false, rotatable=false, mobileEmulationEnabled=false, networkConnectionEnabled=false, chrome={chromedriverVersion=2.25.426923 (0390b88869384d6eb0d5d09729679f934aab9eed), userDataDir=C:\Users\NKANDI~1\AppData\Local\Temp\scoped_dir34568_13040}, takesHeapSnapshot=true, pageLoadStrategy=normal, databaseEnabled=false, handlesAlerts=true, hasTouchScreen=false, version=56.0.2924.87, platform=WIN8_1, browserConnectionEnabled=false, nativeEvents=true, acceptSslCerts=true, locationContextEnabled=true, webStorageEnabled=true, browserName=chrome, takesScreenshot=true, javascriptEnabled=true, cssSelectorsEnabled=true}]
Session ID: 8a4d4e8360c61cf911fa0ff6d0fc89e4
*** Element info: {Using=xpath, value=//button[@ng-click='ok()']}
unknown error: Element is not clickable at point (697, 147). Other element would receive the click: <div ng-bind="address.formattedAddress">...</div>
  (Session info: chrome=56.0.2924.87)
  (Driver info: chromedriver=2.25.426923 (0390b88869384d6eb0d5d09729679f934aab9eed),platform=Windows NT 6.3.9600 x86_64) (WARNING: The server did not provide any stacktrace information)
Command duration or timeout: 152 milliseconds
Build info: version: '2.48.2', revision: '41bccdd', time: '2015-10-09 19:59:12'
System info: host: 'USHYDNKANDIKUP1', ip: '10.16.71.187', os.name: 'Windows 8.1', os.arch: 'amd64', os.version: '6.3', java.version: '1.8.0_60'
Driver info: org.openqa.selenium.chrome.ChromeDriver
Capabilities [{applicationCacheEnabled=false, rotatable=false, mobileEmulationEnabled=false, networkConnectionEnabled=false, chrome={chromedriverVersion=2.25.426923 (0390b88869384d6eb0d5d09729679f934aab9eed), userDataDir=C:\Users\NKANDI~1\AppData\Local\Temp\scoped_dir34568_13040}, takesHeapSnapshot=true, pageLoadStrategy=normal, databaseEnabled=false, handlesAlerts=true, hasTouchScreen=false, version=56.0.2924.87, platform=WIN8_1, browserConnectionEnabled=false, nativeEvents=true, acceptSslCerts=true, locationContextEnabled=true, webStorageEnabled=true, browserName=chrome, takesScreenshot=true, javascriptEnabled=true, cssSelectorsEnabled=true}]
Session ID: 8a4d4e8360c61cf911fa0ff6d0fc89e4
]]></system-out>
  <system-err><![CDATA[Starting ChromeDriver 2.25.426923 (0390b88869384d6eb0d5d09729679f934aab9eed) on port 5305
Only local connections are allowed.
Mar 23, 2017 12:28:14 PM org.openqa.selenium.remote.Augmenter extractRemoteWebDriver
WARNING: Augmenter should be applied to the instances of @Augmentable classes or previously augmented instances only
Mar 23, 2017 12:28:16 PM org.openqa.selenium.remote.Augmenter extractRemoteWebDriver
WARNING: Augmenter should be applied to the instances of @Augmentable classes or previously augmented instances only
Mar 23, 2017 12:28:18 PM org.openqa.selenium.remote.Augmenter extractRemoteWebDriver
WARNING: Augmenter should be applied to the instances of @Augmentable classes or previously augmented instances only
]]></system-err>
</testsuite>
