<?xml version="1.0" encoding="UTF-8"?>
<!-- Generated by org.testng.reporters.JUnitReportReporter -->
<testsuite hostname="USHYDNKANDIKUP7" name="test.TC_MasterCase_RF_SubCase" tests="1" failures="0" timestamp="19 Dec 2018 07:47:41 GMT" time="199.049" errors="0">
  <testcase name="MasterCase_RF_SubCaseCreation" time="199.049" classname="test.TC_MasterCase_RF_SubCase"/>
</testsuite> <!-- test.TC_MasterCase_RF_SubCase -->
