<?xml version="1.0" encoding="UTF-8"?>
<!-- Generated by org.testng.reporters.JUnitReportReporter -->
<testsuite hostname="USHYDNKANDIKUP7" name="test.TC_StudyRisk" tests="1" failures="0" timestamp="14 Nov 2018 08:05:28 GMT" time="340.849" errors="0">
  <testcase name="StudyRiskCreation" time="340.849" classname="test.TC_StudyRisk"/>
</testsuite> <!-- test.TC_StudyRisk -->
