<?xml version="1.0" encoding="UTF-8"?>
<!-- Generated by org.testng.reporters.JUnitReportReporter -->
<testsuite hostname="USHYDNKANDIKUP7" name="test.TC_Product_DosageForm" tests="1" failures="0" timestamp="21 Dec 2018 07:05:35 GMT" time="119.169" errors="0">
  <testcase name="Product_DosageForm" time="119.169" classname="test.TC_Product_DosageForm"/>
</testsuite> <!-- test.TC_Product_DosageForm -->
