<?xml version="1.0" encoding="UTF-8"?>
<!-- Generated by org.testng.reporters.JUnitReportReporter -->
<testsuite hostname="USHYDNKANDIKUP7" name="test.TC_Validation_SR_SubCaseCreation" tests="1" failures="0" timestamp="19 Dec 2018 10:32:39 GMT" time="125.600" errors="0">
  <testcase name="Validation_SR_SubCaseCreation" time="125.600" classname="test.TC_Validation_SR_SubCaseCreation"/>
</testsuite> <!-- test.TC_Validation_SR_SubCaseCreation -->
