<?xml version="1.0" encoding="UTF-8"?>
<!-- Generated by org.testng.reporters.JUnitReportReporter -->
<testsuite hostname="USHYDGSANDEEP9" name="test.TC_InterventionalOutcomes" tests="1" failures="0" timestamp="11 Oct 2018 07:28:57 GMT" time="108.553" errors="0">
  <testcase name="InterventionalOutcomeCreation" time="108.553" classname="test.TC_InterventionalOutcomes"/>
</testsuite> <!-- test.TC_InterventionalOutcomes -->
