<?xml version="1.0" encoding="UTF-8"?>
<!-- Generated by org.testng.reporters.JUnitReportReporter -->
<testsuite hostname="USHYDNKANDIKUP7" name="test.TC_CaseContactCreation" tests="1" failures="0" timestamp="25 Nov 2018 14:36:55 GMT" time="104.892" errors="0">
  <testcase name="CaseContactCreation" time="104.892" classname="test.TC_CaseContactCreation"/>
</testsuite> <!-- test.TC_CaseContactCreation -->
