<?xml version="1.0" encoding="UTF-8"?>
<!-- Generated by org.testng.reporters.JUnitReportReporter -->
<testsuite skipped="0" hostname="USHYDGSANDEEP9" name="test.TC_InterventionalStudyRelease" tests="1" failures="0" timestamp="01 Nov 2018 10:09:13 GMT" time="375.236" errors="0">
  <testcase name="InterventionalStudyReleaseCreation" time="375.236" classname="test.TC_InterventionalStudyRelease"/>
</testsuite> <!-- test.TC_InterventionalStudyRelease -->
