<?xml version="1.0" encoding="UTF-8"?>
<!-- Generated by org.testng.reporters.JUnitReportReporter -->
<testsuite hostname="USHYDNKANDIKUP7" name="test.TC_PCM_MedDevice" tests="1" failures="0" timestamp="3 Jan 2019 07:07:19 GMT" time="422.282" errors="0">
  <testcase name="PCM_MedDevice" time="422.282" classname="test.TC_PCM_MedDevice"/>
</testsuite> <!-- test.TC_PCM_MedDevice -->
