<?xml version="1.0" encoding="UTF-8"?>
<!-- Generated by org.testng.reporters.JUnitReportReporter -->
<testsuite hostname="USHYDNKANDIKUP7" name="test.TC_MasterCaseCreation" tests="1" failures="0" timestamp="19 Dec 2018 07:47:41 GMT" time="250.361" errors="0">
  <testcase name="MasterCaseCreation" time="250.361" classname="test.TC_MasterCaseCreation"/>
</testsuite> <!-- test.TC_MasterCaseCreation -->
