<?xml version="1.0" encoding="UTF-8"?>
<!-- Generated by org.testng.reporters.JUnitReportReporter -->
<testsuite hostname="USHYDGSANDEEP9" name="test.TC_InterventionalStudyTest" tests="1" failures="0" timestamp="5 Oct 2018 11:40:27 GMT" time="5433.533" errors="0">
  <testcase name="runsteps" time="5433.533" classname="test.TC_InterventionalStudyTest"/>
</testsuite> <!-- test.TC_InterventionalStudyTest -->
