<?xml version="1.0" encoding="UTF-8"?>
<!-- Generated by org.testng.reporters.JUnitReportReporter -->
<testsuite hostname="USHYDNKANDIKUP7" name="test.TC_PersonAccountCreation" tests="1" failures="0" timestamp="3 Jan 2019 06:21:01 GMT" time="408.487" errors="0">
  <testcase name="PersonAccountCreation" time="408.487" classname="test.TC_PersonAccountCreation"/>
</testsuite> <!-- test.TC_PersonAccountCreation -->
