<?xml version="1.0" encoding="UTF-8"?>
<!-- Generated by org.testng.reporters.JUnitReportReporter -->
<testsuite skipped="0" hostname="USHYDGSANDEEP9" name="test.TC_Study_ProtocolAndAmends" tests="1" failures="0" timestamp="05 Nov 2018 14:14:01 GMT" time="198.218" errors="0">
  <testcase name="Study_ProtocolAndAmendmentsCreation" time="198.218" classname="test.TC_Study_ProtocolAndAmends"/>
</testsuite> <!-- test.TC_Study_ProtocolAndAmends -->
