<?xml version="1.0" encoding="UTF-8"?>
<!-- Generated by org.testng.reporters.JUnitReportReporter -->
<testsuite hostname="USHYDNKANDIKUP7" name="test.TC_NonPrescriber" tests="1" failures="0" timestamp="8 Jan 2019 10:15:21 GMT" time="125.031" errors="0">
  <testcase name="NonPrescriber" time="125.031" classname="test.TC_NonPrescriber"/>
</testsuite> <!-- test.TC_NonPrescriber -->
