<?xml version="1.0" encoding="UTF-8"?>
<!-- Generated by org.testng.reporters.JUnitReportReporter -->
<testsuite hostname="USHYDGSANDEEP9" name="test.TC_LoginTest" tests="1" failures="0" timestamp="5 Oct 2018 05:41:57 GMT" time="84.799" errors="0">
  <testcase name="runsteps" time="84.799" classname="test.TC_LoginTest"/>
</testsuite> <!-- test.TC_LoginTest -->
