<?xml version="1.0" encoding="UTF-8"?>
<!-- Generated by org.testng.reporters.JUnitReportReporter -->
<testsuite hostname="USHYDGSANDEEP9" name="test.TC_RequestorAccountCreation" tests="1" failures="0" timestamp="4 Oct 2018 11:30:58 GMT" time="137.579" errors="0">
  <testcase name="runsteps" time="137.579" classname="test.TC_RequestorAccountCreation"/>
</testsuite> <!-- test.TC_RequestorAccountCreation -->
