<?xml version="1.0" encoding="UTF-8"?>
<!-- Generated by org.testng.reporters.JUnitReportReporter -->
<testsuite skipped="0" hostname="USHYDGSANDEEP9" name="test.TC_Study_EventDates" tests="1" failures="0" timestamp="05 Nov 2018 14:14:01 GMT" time="283.227" errors="0">
  <testcase name="Study_EventDates_Test" time="283.227" classname="test.TC_Study_EventDates"/>
</testsuite> <!-- test.TC_Study_EventDates -->
