<?xml version="1.0" encoding="UTF-8"?>
<!-- Generated by org.testng.reporters.JUnitReportReporter -->
<testsuite hostname="USHYDNKANDIKUP7" name="test.TC_PCM_Issue_PCM_ReturnUnit_LotBatchNumber" tests="1" failures="0" timestamp="19 Dec 2018 07:47:41 GMT" time="260.155" errors="0">
  <testcase name="PCM_Issue_PCM_ReturnUnit_LotBatchNumber" time="260.155" classname="test.TC_PCM_Issue_PCM_ReturnUnit_LotBatchNumber"/>
</testsuite> <!-- test.TC_PCM_Issue_PCM_ReturnUnit_LotBatchNumber -->
