<?xml version="1.0" encoding="UTF-8"?>
<!-- Generated by org.testng.reporters.JUnitReportReporter -->
<testsuite hostname="USHYDNKANDIKUP7" name="test.TC_MasterCase_MI_SubCase" tests="1" failures="0" timestamp="19 Dec 2018 07:47:41 GMT" time="263.855" errors="0">
  <testcase name="MasterCase_MI_SubCaseCreation" time="263.855" classname="test.TC_MasterCase_MI_SubCase"/>
</testsuite> <!-- test.TC_MasterCase_MI_SubCase -->
