<?xml version="1.0" encoding="UTF-8"?>
<!-- Generated by org.testng.reporters.JUnitReportReporter -->
<testsuite skipped="0" hostname="USHYDGSANDEEP9" name="test.TC_StudyRMM_Standard" tests="1" failures="0" timestamp="05 Nov 2018 14:14:01 GMT" time="370.547" errors="0">
  <testcase name="Study_RelatedMeetingMinutes_StandardCreation" time="370.547" classname="test.TC_StudyRMM_Standard"/>
</testsuite> <!-- test.TC_StudyRMM_Standard -->
