<?xml version="1.0" encoding="UTF-8"?>
<!-- Generated by org.testng.reporters.JUnitReportReporter -->
<testsuite hostname="USHYDNKANDIKUP7" name="test.TC_AnonymousCaseContactCreation" tests="1" failures="0" timestamp="10 Dec 2018 07:46:55 GMT" time="101.279" errors="0">
  <testcase name="AnonymousCaseContactCreation" time="101.279" classname="test.TC_AnonymousCaseContactCreation"/>
</testsuite> <!-- test.TC_AnonymousCaseContactCreation -->
