<?xml version="1.0" encoding="UTF-8"?>
<!-- Generated by org.testng.reporters.JUnitReportReporter -->
<testsuite hostname="USHYDNKANDIKUP7" name="test.TC_PostDeployment" tests="1" failures="0" timestamp="4 Jan 2019 06:40:58 GMT" time="226.212" errors="0">
  <testcase name="PersonAccountCreation" time="226.212" classname="test.TC_PostDeployment"/>
</testsuite> <!-- test.TC_PostDeployment -->
