<?xml version="1.0" encoding="UTF-8"?>
<!-- Generated by org.testng.reporters.JUnitReportReporter -->
<testsuite hostname="USHYDGSANDEEP9" name="test.TC_MasterCaseCreationNewUser" tests="1" failures="0" timestamp="3 Oct 2018 10:00:14 GMT" time="125.776" errors="0">
  <testcase name="runsteps" time="125.776" classname="test.TC_MasterCaseCreationNewUser"/>
</testsuite> <!-- test.TC_MasterCaseCreationNewUser -->
