<?xml version="1.0" encoding="UTF-8"?>
<!-- Generated by org.testng.reporters.JUnitReportReporter -->
<testsuite skipped="0" hostname="USHYDGSANDEEP9" name="test.TC_NoNeedToRegisterStudyRelease" tests="1" failures="0" timestamp="01 Nov 2018 10:09:13 GMT" time="201.252" errors="0">
  <testcase name="NoNeedToRegisterStudyRealeaseCreation" time="201.252" classname="test.TC_NoNeedToRegisterStudyRelease"/>
</testsuite> <!-- test.TC_NoNeedToRegisterStudyRelease -->
