<?xml version="1.0" encoding="UTF-8"?>
<!-- Generated by org.testng.reporters.JUnitReportReporter -->
<testsuite hostname="USHYDNKANDIKUP7" name="test.TC_StudyObservation" tests="1" failures="0" timestamp="14 Nov 2018 07:42:42 GMT" time="556.926" errors="0">
  <testcase name="StudyObservationCreation" time="556.926" classname="test.TC_StudyObservation"/>
</testsuite> <!-- test.TC_StudyObservation -->
