<?xml version="1.0" encoding="UTF-8"?>
<!-- Generated by org.testng.reporters.JUnitReportReporter -->
<testsuite hostname="USHYDGSANDEEP9" name="test.TC_StudySiteLocation" tests="1" failures="0" timestamp="11 Nov 2018 07:52:09 GMT" time="222.194" errors="0">
  <testcase name="StudySiteLocation_Assign_Edit_Delete" time="222.194" classname="test.TC_StudySiteLocation"/>
</testsuite> <!-- test.TC_StudySiteLocation -->
