<?xml version="1.0" encoding="UTF-8"?>
<!-- Generated by org.testng.reporters.JUnitReportReporter -->
<testsuite hostname="USHYDNKANDIKUP7" name="test.TC_InstitutionAccountCreation" tests="1" failures="0" timestamp="19 Dec 2018 07:47:41 GMT" time="88.668" errors="0">
  <testcase name="InstitutionAccountCreation" time="88.668" classname="test.TC_InstitutionAccountCreation"/>
</testsuite> <!-- test.TC_InstitutionAccountCreation -->
