<?xml version="1.0" encoding="UTF-8"?>
<!-- Generated by org.testng.reporters.JUnitReportReporter -->
<testsuite skipped="0" hostname="USHYDGSANDEEP9" name="test.TC_ObservationalStudyRelease" tests="1" failures="0" timestamp="01 Nov 2018 10:09:13 GMT" time="364.447" errors="0">
  <testcase name="observationalStudyReleaseCreation" time="364.447" classname="test.TC_ObservationalStudyRelease"/>
</testsuite> <!-- test.TC_ObservationalStudyRelease -->
