<?xml version="1.0" encoding="UTF-8"?>
<!-- Generated by org.testng.reporters.JUnitReportReporter -->
<testsuite hostname="USHYDNKANDIKUP7" name="test.TC_PCM_SubCace_CaseProduct" tests="1" failures="0" timestamp="27 Nov 2018 06:47:09 GMT" time="1.181" errors="0">
  <testcase name="PCM_SubCace_CaseProduct" time="1.181" classname="test.TC_PCM_SubCace_CaseProduct"/>
</testsuite> <!-- test.TC_PCM_SubCace_CaseProduct -->
