<?xml version="1.0" encoding="UTF-8"?>
<!-- Generated by org.testng.reporters.JUnitReportReporter -->
<testsuite hostname="USHYDNKANDIKUP7" name="test.TC_PCM_Assesment_ESign" tests="1" failures="0" timestamp="20 Dec 2018 12:54:43 GMT" time="342.835" errors="0">
  <testcase name="PCMAssesmentESign" time="342.835" classname="test.TC_PCM_Assesment_ESign"/>
</testsuite> <!-- test.TC_PCM_Assesment_ESign -->
