<?xml version="1.0" encoding="UTF-8"?>
<!-- Generated by org.testng.reporters.JUnitReportReporter -->
<testsuite hostname="USHYDNKANDIKUP7" name="test.TC_MasterCase_SR_SubCase" tests="1" failures="0" timestamp="19 Dec 2018 07:47:41 GMT" time="324.163" errors="0">
  <testcase name="MasterCase_SR_SubCaseCreation" time="324.163" classname="test.TC_MasterCase_SR_SubCase"/>
</testsuite> <!-- test.TC_MasterCase_SR_SubCase -->
