<?xml version="1.0" encoding="UTF-8"?>
<!-- Generated by org.testng.reporters.JUnitReportReporter -->
<testsuite skipped="0" hostname="USHYDGSANDEEP9" name="test.TC_StudySiteCreation" tests="1" failures="0" timestamp="05 Nov 2018 14:14:01 GMT" time="443.819" errors="0">
  <testcase name="StudySitCreation" time="443.819" classname="test.TC_StudySiteCreation"/>
</testsuite> <!-- test.TC_StudySiteCreation -->
