<?xml version="1.0" encoding="UTF-8"?>
<!-- Generated by org.testng.reporters.JUnitReportReporter -->
<testsuite hostname="USHYDGSANDEEP9" name="test.TC_InterventionalStudyCreation" tests="1" failures="0" timestamp="8 Oct 2018 06:30:52 GMT" time="135.142" errors="0">
  <testcase name="InterventionalStudyCreation" time="135.142" classname="test.TC_InterventionalStudyCreation"/>
</testsuite> <!-- test.TC_InterventionalStudyCreation -->
