<?xml version="1.0" encoding="UTF-8"?>
<!-- Generated by org.testng.reporters.JUnitReportReporter -->
<testsuite hostname="USHYDGSANDEEP9" name="test.TC_StudySiteStaffAssignment" tests="1" failures="0" timestamp="6 Nov 2018 06:26:36 GMT" time="217.346" errors="0">
  <testcase name="StudySiteStaffAssignment" time="217.346" classname="test.TC_StudySiteStaffAssignment"/>
</testsuite> <!-- test.TC_StudySiteStaffAssignment -->
