<?xml version="1.0" encoding="UTF-8"?>
<!-- Generated by org.testng.reporters.JUnitReportReporter -->
<testsuite hostname="USHYDGSANDEEP9" name="test.TC_CongaTemplates_ActualTreatment" tests="1" failures="0" timestamp="8 Jan 2019 10:29:46 GMT" time="109.384" errors="0">
  <testcase name="CongaTemplates_ActualTreatment_Creation" time="109.384" classname="test.TC_CongaTemplates_ActualTreatment"/>
</testsuite> <!-- test.TC_CongaTemplates_ActualTreatment -->
